0 info it worked if it ends with ok
1 verbose cli [ '/usr/local/bin/node', '/usr/local/bin/npm', 'shrinkwrap' ]
2 info using npm@3.8.3
3 info using node@v5.10.1
4 warn shrinkwrap Excluding devDependency: gulp@3.9.1 { 'laravel-elixir': '^5.0.0',
4 warn shrinkwrap   bootstrap: '^3.0.0',
4 warn shrinkwrap   'bootstrap-less': '^3.0.0',
4 warn shrinkwrap   'bootstrap-sass': '^3.0.0',
4 warn shrinkwrap   jquery: '^2.1.4',
4 warn shrinkwrap   'js-cookie': '^2.1.0',
4 warn shrinkwrap   moment: '^2.10.6',
4 warn shrinkwrap   promise: '^7.1.1',
4 warn shrinkwrap   sweetalert: '^1.1.3',
4 warn shrinkwrap   underscore: '^1.8.3',
4 warn shrinkwrap   urijs: '^1.17.0',
4 warn shrinkwrap   vue: '^1.0.13',
4 warn shrinkwrap   'vue-resource': '^0.5.1' }
5 verbose stack Error: Problems were encountered
5 verbose stack Please correct and try again.
5 verbose stack extraneous: browserify@13.0.1 /Users/tigran/Code/booknshelf/node_modules/browserify
5 verbose stack     at shrinkwrap_ (/usr/local/lib/node_modules/npm/lib/shrinkwrap.js:101:15)
5 verbose stack     at /usr/local/lib/node_modules/npm/lib/shrinkwrap.js:36:5
5 verbose stack     at /usr/local/lib/node_modules/npm/node_modules/iferr/index.js:13:50
5 verbose stack     at /usr/local/lib/node_modules/npm/lib/install/deps.js:121:5
5 verbose stack     at LOOP (/usr/local/lib/node_modules/npm/node_modules/slide/lib/chain.js:7:26)
5 verbose stack     at /usr/local/lib/node_modules/npm/node_modules/slide/lib/chain.js:18:7
5 verbose stack     at cb (/usr/local/lib/node_modules/npm/node_modules/slide/lib/async-map.js:47:24)
5 verbose stack     at /usr/local/lib/node_modules/npm/lib/install/deps.js:121:5
5 verbose stack     at LOOP (/usr/local/lib/node_modules/npm/node_modules/slide/lib/chain.js:7:26)
5 verbose stack     at /usr/local/lib/node_modules/npm/node_modules/slide/lib/chain.js:18:7
6 verbose cwd /Users/tigran/Code/booknshelf
7 error Darwin 15.5.0
8 error argv "/usr/local/bin/node" "/usr/local/bin/npm" "shrinkwrap"
9 error node v5.10.1
10 error npm  v3.8.3
11 error Problems were encountered
11 error Please correct and try again.
11 error extraneous: browserify@13.0.1 /Users/tigran/Code/booknshelf/node_modules/browserify
12 error If you need help, you may report this error at:
12 error     <https://github.com/npm/npm/issues>
13 verbose exit [ 1, true ]
